Arguments: 
  C:\Program Files\nodejs\node.exe C:\Program Files (x86)\Yarn\bin\yarn.js add ts-node -D

PATH: 
  C:\Windows\system32;C:\Windows;C:\Windows\System32\Wbem;C:\Windows\System32\WindowsPowerShell\v1.0\;C:\Program Files\Git\cmd;C:\ProgramData\chocolatey\bin;C:\Program Files\nodejs\;C:\Program Files (x86)\Yarn\bin\;C:\Users\Cmtech\AppData\Local\Programs\Python\Python39\Scripts\;C:\Users\Cmtech\AppData\Local\Programs\Python\Python39\;C:\Users\Cmtech\AppData\Local\Microsoft\WindowsApps;;C:\Users\Cmtech\AppData\Local\Programs\Microsoft VS Code\bin;C:\Users\Cmtech\AppData\Roaming\npm;C:\Users\Cmtech\AppData\Local\Yarn\bin

Yarn version: 
  1.22.5

Node version: 
  14.17.6

Platform: 
  win32 x64

Trace: 
  Error: getaddrinfo ENOTFOUND registry.yarnpkg.com
      at GetAddrInfoReqWrap.onlookup [as oncomplete] (dns.js:69:26)

npm manifest: 
  {
    "name": "curso-typescript",
    "version": "1.0.0",
    "main": "index.js",
    "repository": "https://github.com/AndersonAslap/curso-typescript.git",
    "author": "AndersonAslap <anderson.adolfo1998@gmail.com>",
    "license": "MIT",
    "devDependencies": {
      "typescript": "^4.5.5"
    }
  }

yarn manifest: 
  No manifest

Lockfile: 
  # THIS IS AN AUTOGENERATED FILE. DO NOT EDIT THIS FILE DIRECTLY.
  # yarn lockfile v1
  
  
  typescript@^4.5.5:
    version "4.5.5"
    resolved "https://registry.yarnpkg.com/typescript/-/typescript-4.5.5.tgz#d8c953832d28924a9e3d37c73d729c846c5896f3"
    integrity sha512-TCTIul70LyWe6IJWT8QSYeA54WQe8EjQFU4wY52Fasj5UKx88LNYKCgBEHcOMOrFF1rKGbD8v/xcNWVUq9SymA==
